Using pre-set license
Built from '2020.3/staging' branch; Version is '2020.3.18f1 (a7d1c678663c) revision 10998214'; Using compiler version '192528614'; Build Type 'Release'
OS: 'Windows 10 Pro; OS build 19042.1165; Version 2009; 64bit' Language: 'en' Physical Memory: 16151 MB
BatchMode: 1, IsHumanControllingUs: 0, StartBugReporterOnCrash: 0, Is64bit: 1, IsPro: 0

COMMAND LINE ARGUMENTS:
C:\Program Files\Unity\Hub\Editor\2020.3.18f1\Editor\Unity.exe
-adb2
-batchMode
-noUpm
-name
AssetImportWorker0
-projectPath
C:/Users/garre/OneDrive/Documents/Unity/The Royal Game of Ur
-logFile
Logs/AssetImportWorker0.log
-srvPort
56698
Successfully changed project path to: C:/Users/garre/OneDrive/Documents/Unity/The Royal Game of Ur
C:/Users/garre/OneDrive/Documents/Unity/The Royal Game of Ur
Using Asset Import Pipeline V2.
Refreshing native plugins compatible for Editor in 40.53 ms, found 2 plugins.
Preloading 0 native plugins for Editor in 0.00 ms.
Initialize engine version: 2020.3.18f1 (a7d1c678663c)
[Subsystems] Discovering subsystems at path C:/Program Files/Unity/Hub/Editor/2020.3.18f1/Editor/Data/Resources/UnitySubsystems
[Subsystems] Discovering subsystems at path C:/Users/garre/OneDrive/Documents/Unity/The Royal Game of Ur/Assets
GfxDevice: creating device client; threaded=0
Direct3D:
    Version:  Direct3D 11.0 [level 11.1]
    Renderer: Intel(R) Iris(R) Plus Graphics (ID=0x8a52)
    Vendor:   
    VRAM:     8075 MB
    Driver:   27.20.100.9365
Initialize mono
Mono path[0] = 'C:/Program Files/Unity/Hub/Editor/2020.3.18f1/Editor/Data/Managed'
Mono path[1] = 'C:/Program Files/Unity/Hub/Editor/2020.3.18f1/Editor/Data/MonoBleedingEdge/lib/mono/unityjit'
Mono config path = 'C:/Program Files/Unity/Hub/Editor/2020.3.18f1/Editor/Data/MonoBleedingEdge/etc'
Using monoOptions --debugger-agent=transport=dt_socket,embedding=1,server=y,suspend=n,address=127.0.0.1:56240
Begin MonoManager ReloadAssembly
Registering precompiled unity dll's ...
Register platform support module: C:/Program Files/Unity/Hub/Editor/2020.3.18f1/Editor/Data/PlaybackEngines/WebGLSupport/UnityEditor.WebGL.Extensions.dll
Register platform support module: C:/Program Files/Unity/Hub/Editor/2020.3.18f1/Editor/Data/PlaybackEngines/MacStandaloneSupport/UnityEditor.OSXStandalone.Extensions.dll
Register platform support module: C:/Program Files/Unity/Hub/Editor/2020.3.18f1/Editor/Data/PlaybackEngines/WindowsStandaloneSupport/UnityEditor.WindowsStandalone.Extensions.dll
Registered in 0.002027 seconds.
Native extension for WindowsStandalone target not found
Native extension for OSXStandalone target not found
Native extension for WebGL target not found
Refreshing native plugins compatible for Editor in 36.99 ms, found 2 plugins.
Preloading 0 native plugins for Editor in 0.00 ms.
Mono: successfully reloaded assembly
- Completed reload, in  1.430 seconds
Domain Reload Profiling:
	ReloadAssembly (1431ms)
		BeginReloadAssembly (75ms)
			ExecutionOrderSort (0ms)
			DisableScriptedObjects (0ms)
			BackupInstance (0ms)
			ReleaseScriptingObjects (0ms)
			CreateAndSetChildDomain (1ms)
		EndReloadAssembly (401ms)
			LoadAssemblies (73ms)
			RebuildTransferFunctionScriptingTraits (0ms)
			SetupTypeCache (127ms)
			ReleaseScriptCaches (0ms)
			RebuildScriptCaches (41ms)
			SetupLoadedEditorAssemblies (167ms)
				LogAssemblyErrors (0ms)
				InitializePlatformSupportModulesInManaged (6ms)
				SetLoadedEditorAssemblies (0ms)
				RefreshPlugins (37ms)
				BeforeProcessingInitializeOnLoad (9ms)
				ProcessInitializeOnLoadAttributes (89ms)
				ProcessInitializeOnLoadMethodAttributes (24ms)
				AfterProcessingInitializeOnLoad (0ms)
				EditorAssembliesLoaded (0ms)
			ExecutionOrderSort2 (0ms)
			AwakeInstancesAfterBackupRestoration (0ms)
Platform modules already initialized, skipping
Registering precompiled user dll's ...
Registered in 0.002152 seconds.
Begin MonoManager ReloadAssembly
Native extension for WindowsStandalone target not found
Native extension for OSXStandalone target not found
Native extension for WebGL target not found
Refreshing native plugins compatible for Editor in 0.26 ms, found 2 plugins.
Preloading 0 native plugins for Editor in 0.00 ms.
Mono: successfully reloaded assembly
- Completed reload, in  0.953 seconds
Domain Reload Profiling:
	ReloadAssembly (953ms)
		BeginReloadAssembly (131ms)
			ExecutionOrderSort (0ms)
			DisableScriptedObjects (5ms)
			BackupInstance (0ms)
			ReleaseScriptingObjects (0ms)
			CreateAndSetChildDomain (18ms)
		EndReloadAssembly (763ms)
			LoadAssemblies (75ms)
			RebuildTransferFunctionScriptingTraits (0ms)
			SetupTypeCache (260ms)
			ReleaseScriptCaches (0ms)
			RebuildScriptCaches (41ms)
			SetupLoadedEditorAssemblies (299ms)
				LogAssemblyErrors (0ms)
				InitializePlatformSupportModulesInManaged (6ms)
				SetLoadedEditorAssemblies (0ms)
				RefreshPlugins (0ms)
				BeforeProcessingInitializeOnLoad (53ms)
				ProcessInitializeOnLoadAttributes (231ms)
				ProcessInitializeOnLoadMethodAttributes (4ms)
				AfterProcessingInitializeOnLoad (5ms)
				EditorAssembliesLoaded (0ms)
			ExecutionOrderSort2 (0ms)
			AwakeInstancesAfterBackupRestoration (7ms)
Platform modules already initialized, skipping
========================================================================
Worker process is ready to serve import requests
Launched and connected shader compiler UnityShaderCompiler.exe after 0.06 seconds
Refreshing native plugins compatible for Editor in 0.25 ms, found 2 plugins.
Preloading 0 native plugins for Editor in 0.00 ms.
Unloading 1422 Unused Serialized files (Serialized files now loaded: 0)
System memory in use before: 81.1 MB.
System memory in use after: 81.1 MB.

Unloading 16 unused Assets to reduce memory usage. Loaded Objects now: 1876.
Total: 2.773200 ms (FindLiveObjects: 0.109100 ms CreateObjectMapping: 0.032400 ms MarkObjects: 2.526100 ms  DeleteObjects: 0.104700 ms)

AssetImportParameters requested are different than current active one (requested -> active):
  custom:framework-win-MediaFoundation: 216162199b28c13a410421893ffa2e32 -> 
  custom:video-decoder-ogg-theora: a1e56fd34408186e4bbccfd4996cb3dc -> 
  custom:container-muxer-webm: aa71ff27fc2769a1b78a27578f13a17b -> 
  custom:container-demuxer-webm: 4f35f7cbe854078d1ac9338744f61a02 -> 
  custom:container-demuxer-ogg: 62fdf1f143b41e24485cea50d1cbac27 -> 
  custom:video-encoder-webm-vp8: eb34c28f22e8b96e1ab97ce403110664 -> 
  custom:video-decoder-webm-vp8: 9c59270c3fd7afecdb556c50c9e8de78 -> 
  custom:audio-decoder-ogg-vorbis: bf7c407c2cedff20999df2af8eb42d56 -> 
  custom:audio-encoder-webm-vorbis: bf7c407c2cedff20999df2af8eb42d56 -> 
========================================================================
Received Import Request.
  path: Assets/Textures/DieZERO-3.png
  artifactKey: Guid(068a45413a167034cb9791fdb153875b) Importer(815301076,1909f56bfc062723c751e8b465ee728b)
Start importing Assets/Textures/DieZERO-3.png using Guid(068a45413a167034cb9791fdb153875b) Importer(815301076,1909f56bfc062723c751e8b465ee728b)  -> (artifact id: 'e2753aa450713aad1d27dc75eec6563c') in 0.118194 seconds 
  Import took 0.120521 seconds .

========================================================================
Received Import Request.
  Time since last request: 0.000186 seconds.
  path: Assets/Textures/DieONE-3.png
  artifactKey: Guid(7841358e6ebacbe45a8915c250459c2f) Importer(815301076,1909f56bfc062723c751e8b465ee728b)
Start importing Assets/Textures/DieONE-3.png using Guid(7841358e6ebacbe45a8915c250459c2f) Importer(815301076,1909f56bfc062723c751e8b465ee728b)  -> (artifact id: '2b84d42a126fa4cf36355ba9fa312753') in 0.016966 seconds 
  Import took 0.019513 seconds .

========================================================================
Received Import Request.
  Time since last request: 0.000264 seconds.
  path: Assets/Textures/Info.png
  artifactKey: Guid(056d22339cb1526438be647f2ccdf799) Importer(815301076,1909f56bfc062723c751e8b465ee728b)
Start importing Assets/Textures/Info.png using Guid(056d22339cb1526438be647f2ccdf799) Importer(815301076,1909f56bfc062723c751e8b465ee728b)  -> (artifact id: '5ece4bccc9dd6a917190f909d07e4287') in 0.018043 seconds 
  Import took 0.020539 seconds .

========================================================================
Received Import Request.
  Time since last request: 0.000211 seconds.
  path: Assets/Textures/DieONE-1.png
  artifactKey: Guid(a5d62aea184fca445aad5d12459e3a3d) Importer(815301076,1909f56bfc062723c751e8b465ee728b)
Start importing Assets/Textures/DieONE-1.png using Guid(a5d62aea184fca445aad5d12459e3a3d) Importer(815301076,1909f56bfc062723c751e8b465ee728b)  -> (artifact id: 'b9071316a851d23e2e7110ce3848a1a0') in 0.015392 seconds 
  Import took 0.019179 seconds .

========================================================================
Received Import Request.
  Time since last request: 0.000190 seconds.
  path: Assets/Textures/Icon.png
  artifactKey: Guid(90e4959cee323684c88547396e12c13e) Importer(815301076,1909f56bfc062723c751e8b465ee728b)
Start importing Assets/Textures/Icon.png using Guid(90e4959cee323684c88547396e12c13e) Importer(815301076,1909f56bfc062723c751e8b465ee728b)  -> (artifact id: '55e8d9434f9e4a51eeb6547471b07479') in 0.023010 seconds 
  Import took 0.025449 seconds .

========================================================================
Received Import Request.
  Time since last request: 0.000252 seconds.
  path: Assets/Textures/close.png
  artifactKey: Guid(75d86cdc99149df41a287233ce262d23) Importer(815301076,1909f56bfc062723c751e8b465ee728b)
Start importing Assets/Textures/close.png using Guid(75d86cdc99149df41a287233ce262d23) Importer(815301076,1909f56bfc062723c751e8b465ee728b)  -> (artifact id: 'c04a5516b8b655b0dbb1785ce8ee91c0') in 0.015474 seconds 
  Import took 0.018699 seconds .

========================================================================
Received Import Request.
  Time since last request: 0.000214 seconds.
  path: Assets/Textures/Backdrop.jpg
  artifactKey: Guid(d554b5e5f1719b44b971ac2725efe238) Importer(815301076,1909f56bfc062723c751e8b465ee728b)
Start importing Assets/Textures/Backdrop.jpg using Guid(d554b5e5f1719b44b971ac2725efe238) Importer(815301076,1909f56bfc062723c751e8b465ee728b)  -> (artifact id: '8ac23b8f6c4120f28c94839b79334536') in 0.014675 seconds 
  Import took 0.016975 seconds .

========================================================================
Received Import Request.
  Time since last request: 0.000288 seconds.
  path: Assets/Textures/Stone.jpg
  artifactKey: Guid(1fefdcfc93d2ce043a411d48fa17adea) Importer(815301076,1909f56bfc062723c751e8b465ee728b)
Start importing Assets/Textures/Stone.jpg using Guid(1fefdcfc93d2ce043a411d48fa17adea) Importer(815301076,1909f56bfc062723c751e8b465ee728b)  -> (artifact id: 'ddee7c03a904b9b83eba1e1fcb11ef52') in 0.014620 seconds 
  Import took 0.018129 seconds .

========================================================================
Received Import Request.
  Time since last request: 0.000189 seconds.
  path: Assets/Textures/MenuBackground.jpg
  artifactKey: Guid(59a5c249fa5a26b4f892e114f579abf8) Importer(815301076,1909f56bfc062723c751e8b465ee728b)
Start importing Assets/Textures/MenuBackground.jpg using Guid(59a5c249fa5a26b4f892e114f579abf8) Importer(815301076,1909f56bfc062723c751e8b465ee728b)  -> (artifact id: '1623dd6a3a6d596f732ef26f1916de30') in 0.017215 seconds 
  Import took 0.019972 seconds .

========================================================================
Received Import Request.
  Time since last request: 0.000246 seconds.
  path: Assets/Textures/DieZERO-2.png
  artifactKey: Guid(217014b6b3acae24e8ba91d4a0341fba) Importer(815301076,1909f56bfc062723c751e8b465ee728b)
Start importing Assets/Textures/DieZERO-2.png using Guid(217014b6b3acae24e8ba91d4a0341fba) Importer(815301076,1909f56bfc062723c751e8b465ee728b)  -> (artifact id: '06a4c338a53d1dc378afa43e32f73140') in 0.015556 seconds 
  Import took 0.018457 seconds .

========================================================================
Received Import Request.
  Time since last request: 0.000193 seconds.
  path: Assets/Textures/RuleMap.png
  artifactKey: Guid(e2aa104ccfda9dc4785ee1b6551c3184) Importer(815301076,1909f56bfc062723c751e8b465ee728b)
Start importing Assets/Textures/RuleMap.png using Guid(e2aa104ccfda9dc4785ee1b6551c3184) Importer(815301076,1909f56bfc062723c751e8b465ee728b)  -> (artifact id: '39308720c0d197596f01c51ee943b5c6') in 0.016820 seconds 
  Import took 0.019642 seconds .

========================================================================
Received Import Request.
  Time since last request: 0.000198 seconds.
  path: Assets/Textures/Tile.jpg
  artifactKey: Guid(79bbabdcbb280264fb898e9c61dcb7ee) Importer(815301076,1909f56bfc062723c751e8b465ee728b)
Start importing Assets/Textures/Tile.jpg using Guid(79bbabdcbb280264fb898e9c61dcb7ee) Importer(815301076,1909f56bfc062723c751e8b465ee728b)  -> (artifact id: '954112a0ccdf1c39c27ea4980c803e24') in 0.017196 seconds 
  Import took 0.020747 seconds .

========================================================================
Received Import Request.
  Time since last request: 0.000291 seconds.
  path: Assets/Textures/DieZERO-1.png
  artifactKey: Guid(9070f48c7fd40f74fa50d1df90bd25f2) Importer(815301076,1909f56bfc062723c751e8b465ee728b)
Start importing Assets/Textures/DieZERO-1.png using Guid(9070f48c7fd40f74fa50d1df90bd25f2) Importer(815301076,1909f56bfc062723c751e8b465ee728b)  -> (artifact id: '4bba7f54f6630894c24da961b7b49bc6') in 0.017654 seconds 
  Import took 0.020835 seconds .

========================================================================
Received Import Request.
  Time since last request: 0.000490 seconds.
  path: Assets/Textures/Bowl.jpg
  artifactKey: Guid(c6d966fac6eb8b449a3b1b2ff9a7918c) Importer(815301076,1909f56bfc062723c751e8b465ee728b)
Start importing Assets/Textures/Bowl.jpg using Guid(c6d966fac6eb8b449a3b1b2ff9a7918c) Importer(815301076,1909f56bfc062723c751e8b465ee728b)  -> (artifact id: '7ba47d2bf9651939178b73d7663d5f9c') in 0.013016 seconds 
  Import took 0.016373 seconds .

========================================================================
Received Import Request.
  Time since last request: 0.000290 seconds.
  path: Assets/Textures/Rules 1.jpg
  artifactKey: Guid(0a224ac18a8dfe746bed84ba0ba75f7e) Importer(815301076,1909f56bfc062723c751e8b465ee728b)
Start importing Assets/Textures/Rules 1.jpg using Guid(0a224ac18a8dfe746bed84ba0ba75f7e) Importer(815301076,1909f56bfc062723c751e8b465ee728b)  -> (artifact id: 'c53474fa905faa5f8cef92c44ba2c379') in 0.019392 seconds 
  Import took 0.023196 seconds .

========================================================================
Received Import Request.
  Time since last request: 0.000253 seconds.
  path: Assets/Textures/DieONE-2.png
  artifactKey: Guid(64a99b4672c56d647939f2e27e921a24) Importer(815301076,1909f56bfc062723c751e8b465ee728b)
Start importing Assets/Textures/DieONE-2.png using Guid(64a99b4672c56d647939f2e27e921a24) Importer(815301076,1909f56bfc062723c751e8b465ee728b)  -> (artifact id: 'c8267e57d3b72b480352bd49edfa471f') in 0.016204 seconds 
  Import took 0.019529 seconds .

========================================================================
Received Import Request.
  Time since last request: 0.000340 seconds.
  path: Assets/Textures/Safe_Tile.png
  artifactKey: Guid(dd1afd3a99a920e4a8d32d82e4ece647) Importer(815301076,1909f56bfc062723c751e8b465ee728b)
Start importing Assets/Textures/Safe_Tile.png using Guid(dd1afd3a99a920e4a8d32d82e4ece647) Importer(815301076,1909f56bfc062723c751e8b465ee728b)  -> (artifact id: '72700bc499e2fc1d3faa1a59dfbcf83f') in 0.016085 seconds 
  Import took 0.020792 seconds .

========================================================================
Received Import Request.
  Time since last request: 0.000217 seconds.
  path: Assets/Textures/Table.jpg
  artifactKey: Guid(510278d6b44fd3c45ae3d1bbd05ceeba) Importer(815301076,1909f56bfc062723c751e8b465ee728b)
Start importing Assets/Textures/Table.jpg using Guid(510278d6b44fd3c45ae3d1bbd05ceeba) Importer(815301076,1909f56bfc062723c751e8b465ee728b)  -> (artifact id: 'a1b8b0d7cbf502c0d55e734a06860c36') in 0.013886 seconds 
  Import took 0.017326 seconds .

========================================================================
Received Prepare
Registering precompiled user dll's ...
Registered in 0.002651 seconds.
Begin MonoManager ReloadAssembly
Native extension for WindowsStandalone target not found
Native extension for OSXStandalone target not found
Native extension for WebGL target not found
Refreshing native plugins compatible for Editor in 0.49 ms, found 2 plugins.
Preloading 0 native plugins for Editor in 0.00 ms.
Mono: successfully reloaded assembly
- Completed reload, in  0.984 seconds
Domain Reload Profiling:
	ReloadAssembly (985ms)
		BeginReloadAssembly (125ms)
			ExecutionOrderSort (0ms)
			DisableScriptedObjects (5ms)
			BackupInstance (0ms)
			ReleaseScriptingObjects (0ms)
			CreateAndSetChildDomain (34ms)
		EndReloadAssembly (805ms)
			LoadAssemblies (93ms)
			RebuildTransferFunctionScriptingTraits (0ms)
			SetupTypeCache (278ms)
			ReleaseScriptCaches (1ms)
			RebuildScriptCaches (37ms)
			SetupLoadedEditorAssemblies (301ms)
				LogAssemblyErrors (0ms)
				InitializePlatformSupportModulesInManaged (6ms)
				SetLoadedEditorAssemblies (1ms)
				RefreshPlugins (1ms)
				BeforeProcessingInitializeOnLoad (56ms)
				ProcessInitializeOnLoadAttributes (230ms)
				ProcessInitializeOnLoadMethodAttributes (3ms)
				AfterProcessingInitializeOnLoad (5ms)
				EditorAssembliesLoaded (0ms)
			ExecutionOrderSort2 (0ms)
			AwakeInstancesAfterBackupRestoration (6ms)
Platform modules already initialized, skipping
Refreshing native plugins compatible for Editor in 0.28 ms, found 2 plugins.
Preloading 0 native plugins for Editor in 0.00 ms.
Unloading 1403 Unused Serialized files (Serialized files now loaded: 0)
System memory in use before: 82.7 MB.
System memory in use after: 82.8 MB.

Unloading 11 unused Assets to reduce memory usage. Loaded Objects now: 1893.
Total: 2.591000 ms (FindLiveObjects: 0.109300 ms CreateObjectMapping: 0.033600 ms MarkObjects: 2.433200 ms  DeleteObjects: 0.014300 ms)

AssetImportParameters requested are different than current active one (requested -> active):
  custom:framework-win-MediaFoundation: 216162199b28c13a410421893ffa2e32 -> 
  custom:video-decoder-ogg-theora: a1e56fd34408186e4bbccfd4996cb3dc -> 
  custom:container-muxer-webm: aa71ff27fc2769a1b78a27578f13a17b -> 
  custom:container-demuxer-webm: 4f35f7cbe854078d1ac9338744f61a02 -> 
  custom:container-demuxer-ogg: 62fdf1f143b41e24485cea50d1cbac27 -> 
  custom:video-encoder-webm-vp8: eb34c28f22e8b96e1ab97ce403110664 -> 
  custom:video-decoder-webm-vp8: 9c59270c3fd7afecdb556c50c9e8de78 -> 
  custom:audio-decoder-ogg-vorbis: bf7c407c2cedff20999df2af8eb42d56 -> 
  custom:audio-encoder-webm-vorbis: bf7c407c2cedff20999df2af8eb42d56 -> 
========================================================================
Received Prepare
Refreshing native plugins compatible for Editor in 2.20 ms, found 2 plugins.
Preloading 0 native plugins for Editor in 0.00 ms.
Unloading 9 Unused Serialized files (Serialized files now loaded: 0)
System memory in use before: 55.1 MB.
System memory in use after: 55.2 MB.

Unloading 9 unused Assets to reduce memory usage. Loaded Objects now: 1893.
Total: 3.051100 ms (FindLiveObjects: 0.225800 ms CreateObjectMapping: 0.054700 ms MarkObjects: 2.755600 ms  DeleteObjects: 0.013800 ms)

AssetImportParameters requested are different than current active one (requested -> active):
  custom:framework-win-MediaFoundation: 216162199b28c13a410421893ffa2e32 -> 
  custom:video-decoder-ogg-theora: a1e56fd34408186e4bbccfd4996cb3dc -> 
  custom:container-muxer-webm: aa71ff27fc2769a1b78a27578f13a17b -> 
  custom:container-demuxer-webm: 4f35f7cbe854078d1ac9338744f61a02 -> 
  custom:container-demuxer-ogg: 62fdf1f143b41e24485cea50d1cbac27 -> 
  custom:video-encoder-webm-vp8: eb34c28f22e8b96e1ab97ce403110664 -> 
  custom:video-decoder-webm-vp8: 9c59270c3fd7afecdb556c50c9e8de78 -> 
  custom:audio-decoder-ogg-vorbis: bf7c407c2cedff20999df2af8eb42d56 -> 
  custom:audio-encoder-webm-vorbis: bf7c407c2cedff20999df2af8eb42d56 -> 
========================================================================
Received Prepare
Registering precompiled user dll's ...
Registered in 0.002416 seconds.
Begin MonoManager ReloadAssembly
Native extension for WindowsStandalone target not found
Native extension for OSXStandalone target not found
Native extension for WebGL target not found
Refreshing native plugins compatible for Editor in 0.30 ms, found 2 plugins.
Preloading 0 native plugins for Editor in 0.00 ms.
Mono: successfully reloaded assembly
- Completed reload, in  1.030 seconds
Domain Reload Profiling:
	ReloadAssembly (1031ms)
		BeginReloadAssembly (132ms)
			ExecutionOrderSort (0ms)
			DisableScriptedObjects (4ms)
			BackupInstance (0ms)
			ReleaseScriptingObjects (0ms)
			CreateAndSetChildDomain (43ms)
		EndReloadAssembly (829ms)
			LoadAssemblies (84ms)
			RebuildTransferFunctionScriptingTraits (0ms)
			SetupTypeCache (287ms)
			ReleaseScriptCaches (1ms)
			RebuildScriptCaches (54ms)
			SetupLoadedEditorAssemblies (298ms)
				LogAssemblyErrors (0ms)
				InitializePlatformSupportModulesInManaged (7ms)
				SetLoadedEditorAssemblies (0ms)
				RefreshPlugins (0ms)
				BeforeProcessingInitializeOnLoad (64ms)
				ProcessInitializeOnLoadAttributes (218ms)
				ProcessInitializeOnLoadMethodAttributes (3ms)
				AfterProcessingInitializeOnLoad (5ms)
				EditorAssembliesLoaded (0ms)
			ExecutionOrderSort2 (0ms)
			AwakeInstancesAfterBackupRestoration (5ms)
Platform modules already initialized, skipping
Refreshing native plugins compatible for Editor in 0.26 ms, found 2 plugins.
Preloading 0 native plugins for Editor in 0.00 ms.
Unloading 1403 Unused Serialized files (Serialized files now loaded: 0)
System memory in use before: 82.7 MB.
System memory in use after: 82.8 MB.

Unloading 11 unused Assets to reduce memory usage. Loaded Objects now: 1895.
Total: 3.637000 ms (FindLiveObjects: 0.110200 ms CreateObjectMapping: 0.033200 ms MarkObjects: 3.432600 ms  DeleteObjects: 0.059300 ms)

AssetImportParameters requested are different than current active one (requested -> active):
  custom:framework-win-MediaFoundation: 216162199b28c13a410421893ffa2e32 -> 
  custom:video-decoder-ogg-theora: a1e56fd34408186e4bbccfd4996cb3dc -> 
  custom:container-muxer-webm: aa71ff27fc2769a1b78a27578f13a17b -> 
  custom:container-demuxer-webm: 4f35f7cbe854078d1ac9338744f61a02 -> 
  custom:container-demuxer-ogg: 62fdf1f143b41e24485cea50d1cbac27 -> 
  custom:video-encoder-webm-vp8: eb34c28f22e8b96e1ab97ce403110664 -> 
  custom:video-decoder-webm-vp8: 9c59270c3fd7afecdb556c50c9e8de78 -> 
  custom:audio-decoder-ogg-vorbis: bf7c407c2cedff20999df2af8eb42d56 -> 
  custom:audio-encoder-webm-vorbis: bf7c407c2cedff20999df2af8eb42d56 -> 
========================================================================
Received Prepare
Refreshing native plugins compatible for Editor in 2.06 ms, found 2 plugins.
Preloading 0 native plugins for Editor in 0.00 ms.
Unloading 9 Unused Serialized files (Serialized files now loaded: 0)
System memory in use before: 55.1 MB.
System memory in use after: 55.2 MB.

Unloading 9 unused Assets to reduce memory usage. Loaded Objects now: 1895.
Total: 2.060300 ms (FindLiveObjects: 0.105100 ms CreateObjectMapping: 0.031200 ms MarkObjects: 1.896800 ms  DeleteObjects: 0.026300 ms)

AssetImportParameters requested are different than current active one (requested -> active):
  custom:framework-win-MediaFoundation: 216162199b28c13a410421893ffa2e32 -> 
  custom:video-decoder-ogg-theora: a1e56fd34408186e4bbccfd4996cb3dc -> 
  custom:container-muxer-webm: aa71ff27fc2769a1b78a27578f13a17b -> 
  custom:container-demuxer-webm: 4f35f7cbe854078d1ac9338744f61a02 -> 
  custom:container-demuxer-ogg: 62fdf1f143b41e24485cea50d1cbac27 -> 
  custom:video-encoder-webm-vp8: eb34c28f22e8b96e1ab97ce403110664 -> 
  custom:video-decoder-webm-vp8: 9c59270c3fd7afecdb556c50c9e8de78 -> 
  custom:audio-decoder-ogg-vorbis: bf7c407c2cedff20999df2af8eb42d56 -> 
  custom:audio-encoder-webm-vorbis: bf7c407c2cedff20999df2af8eb42d56 -> 
AssetImportWorkerClient::OnTransportError - code=2 error=End of file
